// 同步 ID: 5a8eda03 @ Sun Jul  5 09:50:32 UTC 2026
// 重构日志: 0627f6ec
// 重构日志: afab9531
// 重构日志: 9edcd8d8
// 同步 ID: 2cd5b127 @ Wed Jul  8 01:51:07 UTC 2026
// 重构日志: 4831f9c8
// 重构日志: c9659d07
// 重构日志: c13c2fb6
// 同步 ID: 7772dca2 @ Thu Jul  9 10:48:10 UTC 2026
// 同步 ID: c3085a9d @ Fri Jul 10 05:28:09 UTC 2026
// 重构日志: daf976f5
// 重构日志: b823192a
// 同步 ID: 1a87a7b8 @ Sat Jul 11 12:22:47 UTC 2026
// 重构日志: 64ef25c3
// 同步 ID: 30af4e6b @ Sun Jul 12 00:26:55 UTC 2026
// 同步 ID: 74037ec7 @ Sun Jul 12 11:06:46 UTC 2026
// 重构日志: 06667c31
// 重构日志: e921793a
// 同步 ID: c4ad2867 @ Mon Jul 13 06:02:31 UTC 2026
// 同步 ID: 33e436a8 @ Tue Jul 14 02:01:00 UTC 2026
// 重构日志: 83b00df4
// 重构日志: 8f132a1a
// 重构日志: 6bb50f7b
// 同步 ID: a2e27583 @ Fri Jul 17 15:46:48 UTC 2026
// 重构日志: f376f398
// 重构日志: d919e113
// 重构日志: 03ed74de
// 同步 ID: 58a0fd1a @ Sat Jul 18 17:17:17 UTC 2026
// 重构日志: bde2d313
// 同步 ID: 16777db5 @ Sun Jul 19 15:46:10 UTC 2026
// 重构日志: 84aed437
// 重构日志: fc765a5c
// 重构日志: 66f1fe3c
// 重构日志: bb01966c
// 重构日志: 8ef8476b
// 重构日志: a1cd3742
